2022-10-13 09:58:47,756 [restartedMain] INFO  com.JPlogger.JpLoggerApplication                   - Starting JpLoggerApplication using Java 17.0.3 on DESKTOP-HCD0GN6 with PID 16740 (C:\Users\User\Documents\workspace-spring-tool-suite-4-4.15.1.RELEASE\JP-logger\target\classes started by User in C:\Users\User\Documents\workspace-spring-tool-suite-4-4.15.1.RELEASE\JP-logger)
2022-10-13 09:58:47,760 [restartedMain] INFO  com.JPlogger.JpLoggerApplication                   - No active profile set, falling back to 1 default profile: "default"
2022-10-13 09:58:47,884 [restartedMain] INFO  o.s.b.d.e.DevToolsPropertyDefaultsPostProcessor    - Devtools property defaults active! Set 'spring.devtools.add-properties' to 'false' to disable
2022-10-13 09:58:47,885 [restartedMain] INFO  o.s.b.d.e.DevToolsPropertyDefaultsPostProcessor    - For additional web related logging consider setting the 'logging.level.web' property to 'DEBUG'
2022-10-13 09:58:49,239 [restartedMain] INFO  o.s.b.w.embedded.tomcat.TomcatWebServer            - Tomcat initialized with port(s): 8080 (http)
2022-10-13 09:58:49,250 [restartedMain] INFO  o.apache.coyote.http11.Http11NioProtocol           - Initializing ProtocolHandler ["http-nio-8080"]
2022-10-13 09:58:49,251 [restartedMain] INFO  org.apache.catalina.core.StandardService           - Starting service [Tomcat]
2022-10-13 09:58:49,251 [restartedMain] INFO  org.apache.catalina.core.StandardEngine            - Starting Servlet engine: [Apache Tomcat/9.0.65]
2022-10-13 09:58:49,308 [restartedMain] INFO  o.a.c.c.C.[Tomcat].[localhost].[/]                 - Initializing Spring embedded WebApplicationContext
2022-10-13 09:58:49,308 [restartedMain] INFO  o.s.b.w.s.c.ServletWebServerApplicationContext     - Root WebApplicationContext: initialization completed in 1422 ms
2022-10-13 09:58:49,664 [restartedMain] INFO  o.s.b.d.a.OptionalLiveReloadServer                 - LiveReload server is running on port 35729
2022-10-13 09:58:49,676 [restartedMain] INFO  o.apache.coyote.http11.Http11NioProtocol           - Starting ProtocolHandler ["http-nio-8080"]
2022-10-13 09:58:49,698 [restartedMain] INFO  o.s.b.w.embedded.tomcat.TomcatWebServer            - Tomcat started on port(s): 8080 (http) with context path ''
2022-10-13 09:58:49,709 [restartedMain] INFO  com.JPlogger.JpLoggerApplication                   - Started JpLoggerApplication in 2.277 seconds (JVM running for 3.063)
2022-10-13 09:59:45,008 [http-nio-8080-exec-1] INFO  o.a.c.c.C.[Tomcat].[localhost].[/]                 - Initializing Spring DispatcherServlet 'dispatcherServlet'
2022-10-13 09:59:45,009 [http-nio-8080-exec-1] INFO  o.s.web.servlet.DispatcherServlet                  - Initializing Servlet 'dispatcherServlet'
2022-10-13 09:59:45,011 [http-nio-8080-exec-1] INFO  o.s.web.servlet.DispatcherServlet                  - Completed initialization in 2 ms
2022-10-13 09:59:51,648 [http-nio-8080-exec-3] INFO  com.JPlogger.Controller.Control                    - debug check first
2022-10-13 09:59:51,649 [http-nio-8080-exec-3] INFO  com.JPlogger.Controller.Control                    - debub check second
2022-10-13 10:15:47,914 [restartedMain] INFO  com.JPlogger.JpLoggerApplication                   - Starting JpLoggerApplication using Java 17.0.3 on DESKTOP-HCD0GN6 with PID 16740 (C:\Users\User\Documents\workspace-spring-tool-suite-4-4.15.1.RELEASE\JP-logger\target\classes started by User in C:\Users\User\Documents\workspace-spring-tool-suite-4-4.15.1.RELEASE\JP-logger)
2022-10-13 10:15:47,915 [restartedMain] INFO  com.JPlogger.JpLoggerApplication                   - No active profile set, falling back to 1 default profile: "default"
2022-10-13 10:15:48,269 [restartedMain] INFO  o.s.b.w.embedded.tomcat.TomcatWebServer            - Tomcat initialized with port(s): 8080 (http)
2022-10-13 10:15:48,270 [restartedMain] INFO  o.apache.coyote.http11.Http11NioProtocol           - Initializing ProtocolHandler ["http-nio-8080"]
2022-10-13 10:15:48,271 [restartedMain] INFO  org.apache.catalina.core.StandardService           - Starting service [Tomcat]
2022-10-13 10:15:48,272 [restartedMain] INFO  org.apache.catalina.core.StandardEngine            - Starting Servlet engine: [Apache Tomcat/9.0.65]
2022-10-13 10:15:48,323 [restartedMain] INFO  o.a.c.c.C.[Tomcat].[localhost].[/]                 - Initializing Spring embedded WebApplicationContext
2022-10-13 10:15:48,331 [restartedMain] INFO  o.s.b.w.s.c.ServletWebServerApplicationContext     - Root WebApplicationContext: initialization completed in 412 ms
2022-10-13 10:15:48,640 [restartedMain] INFO  o.s.b.d.a.OptionalLiveReloadServer                 - LiveReload server is running on port 35729
2022-10-13 10:15:48,662 [restartedMain] INFO  o.apache.coyote.http11.Http11NioProtocol           - Starting ProtocolHandler ["http-nio-8080"]
2022-10-13 10:15:48,672 [restartedMain] INFO  o.s.b.w.embedded.tomcat.TomcatWebServer            - Tomcat started on port(s): 8080 (http) with context path ''
2022-10-13 10:15:48,730 [restartedMain] INFO  com.JPlogger.JpLoggerApplication                   - Started JpLoggerApplication in 0.866 seconds (JVM running for 1022.083)
2022-10-13 10:15:48,739 [restartedMain] INFO  o.s.b.d.a.ConditionEvaluationDeltaLoggingListener  - Condition evaluation unchanged
2022-10-13 10:15:50,259 [restartedMain] INFO  com.JPlogger.JpLoggerApplication                   - Starting JpLoggerApplication using Java 17.0.3 on DESKTOP-HCD0GN6 with PID 16740 (C:\Users\User\Documents\workspace-spring-tool-suite-4-4.15.1.RELEASE\JP-logger\target\classes started by User in C:\Users\User\Documents\workspace-spring-tool-suite-4-4.15.1.RELEASE\JP-logger)
2022-10-13 10:15:50,259 [restartedMain] INFO  com.JPlogger.JpLoggerApplication                   - No active profile set, falling back to 1 default profile: "default"
2022-10-13 10:15:50,617 [restartedMain] INFO  o.s.b.w.embedded.tomcat.TomcatWebServer            - Tomcat initialized with port(s): 8080 (http)
2022-10-13 10:15:50,621 [restartedMain] INFO  o.apache.coyote.http11.Http11NioProtocol           - Initializing ProtocolHandler ["http-nio-8080"]
2022-10-13 10:15:50,623 [restartedMain] INFO  org.apache.catalina.core.StandardService           - Starting service [Tomcat]
2022-10-13 10:15:50,623 [restartedMain] INFO  org.apache.catalina.core.StandardEngine            - Starting Servlet engine: [Apache Tomcat/9.0.65]
2022-10-13 10:15:50,650 [restartedMain] INFO  o.a.c.c.C.[Tomcat].[localhost].[/]                 - Initializing Spring embedded WebApplicationContext
2022-10-13 10:15:50,650 [restartedMain] INFO  o.s.b.w.s.c.ServletWebServerApplicationContext     - Root WebApplicationContext: initialization completed in 365 ms
2022-10-13 10:15:50,722 [restartedMain] INFO  o.s.b.d.a.OptionalLiveReloadServer                 - LiveReload server is running on port 35729
2022-10-13 10:15:50,729 [restartedMain] INFO  o.apache.coyote.http11.Http11NioProtocol           - Starting ProtocolHandler ["http-nio-8080"]
2022-10-13 10:15:50,734 [restartedMain] INFO  o.s.b.w.embedded.tomcat.TomcatWebServer            - Tomcat started on port(s): 8080 (http) with context path ''
2022-10-13 10:15:50,739 [restartedMain] INFO  com.JPlogger.JpLoggerApplication                   - Started JpLoggerApplication in 0.557 seconds (JVM running for 1024.093)
2022-10-13 10:15:50,740 [restartedMain] INFO  o.s.b.d.a.ConditionEvaluationDeltaLoggingListener  - Condition evaluation unchanged
2022-10-13 10:15:52,739 [main] INFO  o.s.b.t.c.SpringBootTestContextBootstrapper        - Neither @ContextConfiguration nor @ContextHierarchy found for test class [com.JPlogger.JpLoggerApplicationTests], using SpringBootContextLoader
2022-10-13 10:15:52,751 [main] INFO  o.s.t.c.support.AbstractContextLoader              - Could not detect default resource locations for test class [com.JPlogger.JpLoggerApplicationTests]: no resource found for suffixes {-context.xml, Context.groovy}.
2022-10-13 10:15:52,752 [main] INFO  o.s.t.c.s.AnnotationConfigContextLoaderUtils       - Could not detect default configuration classes for test class [com.JPlogger.JpLoggerApplicationTests]: JpLoggerApplicationTests does not declare any static, non-private, non-final, nested classes annotated with @Configuration.
2022-10-13 10:15:52,889 [main] INFO  o.s.b.t.c.SpringBootTestContextBootstrapper        - Found @SpringBootConfiguration com.JPlogger.JpLoggerApplication for test class com.JPlogger.JpLoggerApplicationTests
2022-10-13 10:15:53,041 [main] INFO  o.s.b.t.c.SpringBootTestContextBootstrapper        - Loaded default TestExecutionListener class names from location [META-INF/spring.factories]: [org.springframework.boot.test.mock.mockito.MockitoTestExecutionListener, org.springframework.boot.test.mock.mockito.ResetMocksTestExecutionListener, org.springframework.boot.test.autoconfigure.restdocs.RestDocsTestExecutionListener, org.springframework.boot.test.autoconfigure.web.client.MockRestServiceServerResetTestExecutionListener, org.springframework.boot.test.autoconfigure.web.servlet.MockMvcPrintOnlyOnFailureTestExecutionListener, org.springframework.boot.test.autoconfigure.web.servlet.WebDriverTestExecutionListener, org.springframework.boot.test.autoconfigure.webservices.client.MockWebServiceServerTestExecutionListener, org.springframework.test.context.web.ServletTestExecutionListener, org.springframework.test.context.support.DirtiesContextBeforeModesTestExecutionListener, org.springframework.test.context.event.ApplicationEventsTestExecutionListener, org.springframework.test.context.support.DependencyInjectionTestExecutionListener, org.springframework.test.context.support.DirtiesContextTestExecutionListener, org.springframework.test.context.transaction.TransactionalTestExecutionListener, org.springframework.test.context.jdbc.SqlScriptsTestExecutionListener, org.springframework.test.context.event.EventPublishingTestExecutionListener]
2022-10-13 10:15:53,059 [main] INFO  o.s.b.t.c.SpringBootTestContextBootstrapper        - Using TestExecutionListeners: [org.springframework.test.context.web.ServletTestExecutionListener@64337702, org.springframework.test.context.support.DirtiesContextBeforeModesTestExecutionListener@2cf92cc7, org.springframework.test.context.event.ApplicationEventsTestExecutionListener@30ea8c23, org.springframework.boot.test.mock.mockito.MockitoTestExecutionListener@7b139eab, org.springframework.boot.test.autoconfigure.SpringBootDependencyInjectionTestExecutionListener@4e76dac, org.springframework.test.context.support.DirtiesContextTestExecutionListener@611df6e3, org.springframework.test.context.event.EventPublishingTestExecutionListener@5f2f577, org.springframework.boot.test.mock.mockito.ResetMocksTestExecutionListener@6273c5a4, org.springframework.boot.test.autoconfigure.restdocs.RestDocsTestExecutionListener@5d465e4b, org.springframework.boot.test.autoconfigure.web.client.MockRestServiceServerResetTestExecutionListener@53e211ee, org.springframework.boot.test.autoconfigure.web.servlet.MockMvcPrintOnlyOnFailureTestExecutionListener@41a90fa8, org.springframework.boot.test.autoconfigure.web.servlet.WebDriverTestExecutionListener@3d8bbcdc, org.springframework.boot.test.autoconfigure.webservices.client.MockWebServiceServerTestExecutionListener@52500920]
2022-10-13 10:15:53,547 [main] INFO  com.JPlogger.JpLoggerApplicationTests              - Starting JpLoggerApplicationTests using Java 17.0.3 on DESKTOP-HCD0GN6 with PID 13892 (started by User in C:\Users\User\Documents\workspace-spring-tool-suite-4-4.15.1.RELEASE\JP-logger)
2022-10-13 10:15:53,556 [main] INFO  com.JPlogger.JpLoggerApplicationTests              - No active profile set, falling back to 1 default profile: "default"
2022-10-13 10:15:55,448 [main] INFO  com.JPlogger.JpLoggerApplicationTests              - Started JpLoggerApplicationTests in 2.32 seconds (JVM running for 3.73)
2023-10-13 15:21:39,600 [RMI TCP Connection(94)-127.0.0.1] INFO  o.s.b.a.SpringApplicationAdminMXBeanRegistrar$SpringApplicationAdmin - Application shutdown requested.
